A = 2
According = 1
C = 1
C)—as = 1
DNA = 5
Deoxyribonucleic = 1
Each = 1
G = 2
Listeni/diˌɒksiˌraɪbɵ.njuːˌkleɪ.ɨk = 1
Most = 1
T = 2
The = 2
a = 7
acid = 2
acids = 1
adenine = 1
all = 2
alongside = 1
alternating = 1
an = 1
and = 6
another = 1
are = 3
around = 1
as = 2
backbone = 1
base = 1
bases = 1
between = 1
bind = 1
biopolymer = 1
bonds = 2
by = 1
called = 2
carbohydrates = 1
chain = 1
coiled = 1
compose = 1
composed = 2
consist = 1
covalent = 1
cytosine = 1
deoxyribose = 1
development = 1
double = 1
double-stranded = 1
each = 1
encodes = 1
essential = 1
for = 1
form = 1
forms = 1
functioning = 1
genetic = 1
group = 1
guanine = 1
helix = 1
hydrogen = 1
in = 3
instructions = 1
is = 3
joined = 1
known = 3
life = 1
living = 1
macromolecules = 1
major = 1
make = 1
many = 1
molecule = 1
molecules = 1
monosaccharide = 1
next = 1
nitrogen-containing = 1
nitrogenous = 1
nucleic = 2
nucleobase—either = 1
nucleotide = 2
nucleotides = 2
of = 8
one = 2
or = 1
organisms = 1
other = 1
pairing = 1
phosphate = 2
polynucleotide = 1
polynucleotides = 1
proteins = 1
resulting = 1
rules = 1
separate = 1
simpler = 1
since = 1
strands = 3
sugar = 2
sugar-phosphate = 1
sɪd = 1
that = 1
the = 8
they = 1
three = 1
thymine = 1
to = 4
two = 3
units = 1
used = 1
viruses = 1
well = 1
with = 2
